<?xml version="1.0" encoding="UTF-8"?>
<!-- Generated by org.testng.reporters.JUnitXMLReporter -->
<testsuite ignored="1" hostname="DESKTOP-EI48KPJ" failures="0" tests="1" name="Default test" time="0.02" errors="0" timestamp="2020-12-30T12:13:45 PST">
  <testcase classname="com.testng.TestngAnnotation" name="testCase1" time="0.003"/>
  <testcase classname="com.testng.TestngAnnotation" name="testCase2" time="0.0">
    <ignored/>
  </testcase> <!-- testCase2 -->
</testsuite> <!-- Default test -->
