<?xml version="1.0" encoding="UTF-8"?>
<!-- Generated by org.testng.reporters.JUnitXMLReporter -->
<testsuite ignored="2" hostname="DESKTOP-EI48KPJ" failures="0" tests="1" name="Default test" time="5.239" errors="0" timestamp="2021-01-05T01:19:22 PST">
  <testcase classname="com.testng.Parallel_Test" name="getChrome" time="5.219"/>
  <testcase classname="com.testng.Parallel_Test" name="getEdge" time="0.0">
    <ignored/>
  </testcase> <!-- getEdge -->
  <testcase classname="com.testng.Parallel_Test" name="getFirefox" time="0.0">
    <ignored/>
  </testcase> <!-- getFirefox -->
</testsuite> <!-- Default test -->
