<?xml version="1.0" encoding="UTF-8"?>
<!-- Generated by org.testng.reporters.JUnitXMLReporter -->
<testsuite ignored="0" hostname="DESKTOP-EI48KPJ" failures="0" tests="3" name="Test_TestNG_parallel" time="35.122" errors="0" timestamp="2020-12-27T14:49:00 PST">
  <testcase classname="com.testng.Parallel_Test" name="getChrome" time="29.275"/>
  <testcase classname="com.testng.Parallel_Test" name="getEdge" time="30.13"/>
  <testcase classname="com.testng.Parallel_Test" name="getFirefox" time="35.1"/>
</testsuite> <!-- Test_TestNG_parallel -->
