<?xml version="1.0" encoding="UTF-8"?>
<!-- Generated by org.testng.reporters.JUnitXMLReporter -->
<testsuite ignored="0" hostname="DESKTOP-EI48KPJ" failures="0" tests="3" name="Test_TestNGAnnotations" time="0.024" errors="0" timestamp="2020-12-27T14:21:34 PST">
  <testcase classname="com.testng.TestngAnnotation" name="testCase1" time="0.003"/>
  <testcase classname="com.testng.TestngAnnotation" name="testCase2" time="0.001"/>
  <testcase classname="com.testng.SkipTest" name="aSkipTest" time="0.001">
    <skipped/>
  </testcase> <!-- aSkipTest -->
</testsuite> <!-- Test_TestNGAnnotations -->
