<?xml version="1.0" encoding="UTF-8" standalone="no"?>
<testsuite failures="0" name="cucumber.runtime.formatter.JUnitFormatter" skipped="0" tests="2" time="0.122102">
    <testcase classname="To test my cucumber test is running" name="cucumber setup" time="0.121986">
        <system-out><![CDATA[Given sample feature file is ready1.........................................passed
When I run the feature file1................................................passed
Then run should be successful1..............................................passed
]]></system-out>
    </testcase>
    <testcase classname="To test my cucumber test is running" name="cucumber setup" time="0.000116">
        <system-out><![CDATA[Given sample feature file is ready2.........................................passed
When I run the feature file2................................................passed
Then run should be successful2..............................................passed
]]></system-out>
    </testcase>
</testsuite>
