<?xml version="1.0" encoding="UTF-8"?>
<testng-results ignored="2" total="3" passed="1" failed="0" skipped="0">
  <reporter-output>
  </reporter-output>
  <suite started-at="2021-01-05T01:19:16 PST" name="Default suite" finished-at="2021-01-05T01:19:22 PST" duration-ms="5239">
    <groups>
    </groups>
    <test started-at="2021-01-05T01:19:16 PST" name="Default test" finished-at="2021-01-05T01:19:22 PST" duration-ms="5239">
      <class name="com.testng.Parallel_Test">
        <test-method signature="getChrome()[pri:0, instance:com.testng.Parallel_Test@5136d012]" started-at="2021-01-05T01:19:16 PST" name="getChrome" finished-at="2021-01-05T01:19:22 PST" duration-ms="5219" status="PASS">
          <reporter-output>
          </reporter-output>
        </test-method> <!-- getChrome -->
      </class> <!-- com.testng.Parallel_Test -->
    </test> <!-- Default test -->
  </suite> <!-- Default suite -->
</testng-results>
