<?xml version="1.0" encoding="UTF-8"?>
<testng-results ignored="0" total="1" passed="1" failed="0" skipped="0">
  <reporter-output>
  </reporter-output>
  <suite started-at="2021-01-04T22:32:28 PST" name="Suite_JenkinsGitHub_parameter" finished-at="2021-01-04T22:32:34 PST" duration-ms="6484">
    <groups>
    </groups>
    <test started-at="2021-01-04T22:32:28 PST" name="Test_JenkinsGitHub_parameter" finished-at="2021-01-04T22:32:34 PST" duration-ms="6484">
      <class name="com.testng.JenkinsGitHubDemo_1">
        <test-method signature="parameterizedTest_01(java.lang.String)[pri:0, instance:com.testng.JenkinsGitHubDemo_1@306cf3ea]" started-at="2021-01-04T22:32:28 PST" name="parameterizedTest_01" finished-at="2021-01-04T22:32:34 PST" duration-ms="6464" status="PASS">
          <params>
            <param index="0">
              <value>
                <![CDATA[firefox]]>
              </value>
            </param>
          </params>
          <reporter-output>
          </reporter-output>
        </test-method> <!-- parameterizedTest_01 -->
      </class> <!-- com.testng.JenkinsGitHubDemo_1 -->
    </test> <!-- Test_JenkinsGitHub_parameter -->
  </suite> <!-- Suite_JenkinsGitHub_parameter -->
</testng-results>
